Microsoft (R) Macro Assembler Version 6.15.8803		    10/29/14 17:37:50
ejer03.asm						     Page 1 - 1


				TITLE ejer03.asm

				INCLUDE Irvine32.inc
			      C ; Include file for Irvine32.lib             (Irvine32.inc)
			      C 
			      C ;OPTION CASEMAP:NONE		; optional: make identifiers case-sensitive
			      C 
			      C INCLUDE SmallWin.inc		; MS-Windows prototypes, structures, and constants
			      C .NOLIST
			      C .LIST
			      C 
			      C INCLUDE VirtualKeys.inc		; (4/6/03)
			      C ; VirtualKeys.inc
			      C .NOLIST
			      C .LIST
			      C 
			      C 
			      C .NOLIST
			      C .LIST
			      C 

 00000000			.DATA
 00000000 54 65 63 6C 65	line Byte "Teclee el dato N: ",0
	   65 20 65 6C 20
	   64 61 74 6F 20
	   4E 3A 20 00
 00000013 54 65 63 6C 65	line2 Byte "Teclee la calificacion: ",0
	   65 20 6C 61 20
	   63 61 6C 69 66
	   69 63 61 63 69
	   6F 6E 3A 20 00
 0000002C 4C 61 20 63 61	line3 Byte "La calificacion: ",0
	   6C 69 66 69 63
	   61 63 69 6F 6E
	   3A 20 00
 0000003E 20 63 6F 72 72	line4 Byte " corresponde a: ",0
	   65 73 70 6F 6E
	   64 65 20 61 3A
	   20 00
 0000004F 41 64 69 6F 73	line5 Byte "Adios",0
	   00
 00000055 4E 20 64 65 62	mnsj Byte "N debe ser mayor a 0 y menor o igual a 100",0
	   65 20 73 65 72
	   20 6D 61 79 6F
	   72 20 61 20 30
	   20 79 20 6D 65
	   6E 6F 72 20 6F
	   20 69 67 75 61
	   6C 20 61 20 31
	   30 30 00
 00000080  00000064 [		arrayC SDWORD 100 DUP (?)
	    00000000
	   ]
 00000210 00000000		n SDWORD ?
 00000214 00000000		aLength SDWORD ?
 00000218 00000000		ceros SDWORD 0
 0000021C 00000000		num SDWORD 0

 00000000			.CODE
 00000000			main PROC

 00000000			PideN:	
 00000000  BA 00000000 R		MOV EDX, OFFSET line 
 00000005  E8 00000000 E		CALL WriteString 
 0000000A  E8 00000000 E		CALL ReadInt
 0000000F  E8 00000000 E		CALL Crlf
					
					;IF-THEN 
					;Comprueba que la n introducida sea >=1 y <=100
 00000014  A3 00000210 R		MOV n,EAX
 00000019  83 3D 00000210 R		CMP n,0
	   00
 00000020  7E 2B			JLE Nmal
 00000022  83 3D 00000210 R			CMP n,101
	   65
 00000029  7D 22				JGE Nmal
 0000002B  8B 0D 00000210 R				MOV ECX,n
 00000031  FF 05 00000210 R				INC n			
 00000037  BB 00000000					MOV EBX,0
 0000003C  C7 05 00000214 R				MOV aLength,100
	   00000064
 00000046  BE 00000080 R				MOV ESI,OFFSET arrayC			
 0000004B  EB 15					JMP L2
					
					;Mensaje que notifica que n debe ser distinta de 0	
 0000004D				Nmal: 
 0000004D  BA 00000055 R			MOV EDX, OFFSET mnsj 
 00000052  E8 00000000 E			CALL WriteString 
 00000057  E8 00000000 E			CALL Crlf
 0000005C  EB A2				JMP PideN
						
 0000005E				L1: 
 0000005E  E2 02				LOOP L2
 00000060  EB 2A				JMP cambiaESI
 00000062				L2:
 00000062  BA 00000013 R			MOV EDX, OFFSET line2 
 00000067  E8 00000000 E			CALL WriteString 
 0000006C  E8 00000000 E			CALL ReadInt
 00000071  A3 0000021C R			MOV num,EAX
 00000076  83 3D 0000021C R			CMP num,0
	   00
 0000007D  75 06				JNZ guarda
 0000007F  FF 05 00000218 R				INC ceros
 00000085				guarda:
 00000085  89 06				MOV [ESI],EAX
 00000087  83 C6 04				ADD ESI,TYPE arrayC	
 0000008A  EB D2			JMP L1	

 0000008C			cambiaESI:
 0000008C  BE 00000000			MOV ESI,0
 00000091  E8 00000000 E		CALL Crlf
						
 00000096			inWhile: 
 00000096  8B 04 B5			MOV EAX,arrayC[ESI*4]
	   00000080 R
 0000009D  3B 35 00000214 R		CMP ESI, aLength
 000000A3  0F 8D 000000F3		JGE adios
 000000A9  83 F8 3B				CMP EAX,59
 000000AC  7F 63				JG checaS
 000000AE  83 F8 00					CMP EAX,0
 000000B1  75 31					JNZ noCero
 000000B3  3B 1D 00000218 R					CMP EBX,ceros
 000000B9  7D 29						JGE noCero
 000000BB  BA 0000002C R						MOV EDX, OFFSET line3
 000000C0  E8 00000000 E						CALL writeString
 000000C5  E8 00000000 E						CALL writeInt
 000000CA  BA 0000003E R						MOV EDX,OFFSET line4
 000000CF  E8 00000000 E						CALL writeString
 000000D4  B0 44							MOV al, 'D'
 000000D6  E8 00000000 E						CALL writeChar
 000000DB  E8 00000000 E						CALL Crlf
 000000E0  46								INC ESI
 000000E1  43								INC EBX
 000000E2  EB B2						JMP inWhile
 000000E4						noCero:
 000000E4  46							INC ESI
 000000E5  83 F8 00						CMP EAX,0
 000000E8  74 AC						JE inWhile
 000000EA  BA 0000002C R						MOV EDX,OFFSET line3
 000000EF  E8 00000000 E						CALL writeString
 000000F4  E8 00000000 E						CALL writeInt
 000000F9  BA 0000003E R						MOV EDX,OFFSET line4
 000000FE  E8 00000000 E						CALL writeString
 00000103  B0 44							MOV al, 'D'
 00000105  E8 00000000 E						CALL writeChar
 0000010A  E8 00000000 E						CALL Crlf
									;JMP inWhile
 0000010F  EB 85					JMP inWhile
						
 00000111					checaS:
 00000111  83 F8 4A					CMP EAX,74
 00000114  7F 2B					JG checaB
 00000116  BA 0000002C R					MOV EDX, OFFSET line3
 0000011B  E8 00000000 E					CALL writeString
 00000120  E8 00000000 E					CALL writeInt
 00000125  BA 0000003E R					MOV EDX, OFFSET line4
 0000012A  E8 00000000 E					CALL writeString
 0000012F  B0 53						MOV al, 'S'
 00000131  E8 00000000 E					CALL writeChar
 00000136  E8 00000000 E					CALL Crlf	
 0000013B  46							INC ESI
 0000013C  E9 FFFFFF55						JMP inWhile
 00000141					checaB:
 00000141  83 F8 59					CMP EAX,89
 00000144  7F 2B					JG checaA
 00000146  BA 0000002C R					MOV EDX, OFFSET line3
 0000014B  E8 00000000 E					CALL writeString
 00000150  E8 00000000 E					CALL writeInt
 00000155  BA 0000003E R					MOV EDX, OFFSET line4
 0000015A  E8 00000000 E					CALL writeString
 0000015F  B0 42						MOV al, 'B'
 00000161  E8 00000000 E					CALL writeChar
 00000166  E8 00000000 E					CALL Crlf
 0000016B  46							INC ESI
 0000016C  E9 FFFFFF25						JMP inWhile
 00000171					checaA:
 00000171  BA 0000002C R					MOV EDX, OFFSET line3
 00000176  E8 00000000 E					CALL writeString
 0000017B  E8 00000000 E					CALL writeInt
 00000180  BA 0000003E R					MOV EDX, OFFSET line4
 00000185  E8 00000000 E					CALL writeString
 0000018A  B0 41						MOV al, 'A'
 0000018C  E8 00000000 E					CALL writeChar
 00000191  E8 00000000 E					CALL Crlf
 00000196  46							INC ESI
 00000197  E9 FFFFFEFA						JMP inWhile
								
 0000019C				adios:
 0000019C  E8 00000000 E			CALL Crlf
 000001A1  BA 0000004F R			MOV EDX, OFFSET line5
 000001A6  E8 00000000 E			CALL writeString
						
					EXIT
 000001AB  6A 00	   *	    push   +000000000h
 000001AD  E8 00000000 E   *	    call   ExitProcess
					
 000001B2			main ENDP

				END main
					
Microsoft (R) Macro Assembler Version 6.15.8803		    10/29/14 17:37:50
ejer03.asm						     Symbols 2 - 1




Structures and Unions:

                N a m e                  Size
                                         Offset      Type

CONSOLE_CURSOR_INFO  . . . . . .	 00000008
  dwSize . . . . . . . . . . . .	 00000000	 DWord
  bVisible . . . . . . . . . . .	 00000004	 DWord
CONSOLE_SCREEN_BUFFER_INFO . . .	 00000016
  dwSize . . . . . . . . . . . .	 00000000	 DWord
  dwCursorPos  . . . . . . . . .	 00000004	 DWord
  wAttributes  . . . . . . . . .	 00000008	 Word
  srWindow . . . . . . . . . . .	 0000000A	 QWord
  maxWinSize . . . . . . . . . .	 00000012	 DWord
COORD  . . . . . . . . . . . . .	 00000004
  X  . . . . . . . . . . . . . .	 00000000	 Word
  Y  . . . . . . . . . . . . . .	 00000002	 Word
FILETIME . . . . . . . . . . . .	 00000008
  loDateTime . . . . . . . . . .	 00000000	 DWord
  hiDateTime . . . . . . . . . .	 00000004	 DWord
INPUT_RECORD . . . . . . . . . .	 00000014
  eventType  . . . . . . . . . .	 00000000	 Word
  event  . . . . . . . . . . . .	 00000004	  00000010
KEY_EVENT_RECORD . . . . . . . .	 00000010
  bKeyDown . . . . . . . . . . .	 00000000	 DWord
  wRepeatCount . . . . . . . . .	 00000004	 Word
  wVirtualKeyCode  . . . . . . .	 00000006	 Word
  wVirtualScanCode . . . . . . .	 00000008	 Word
  uChar  . . . . . . . . . . . .	 0000000A	 Word
  UnicodeChar  . . . . . . . . .	 00000000	 Word
  AsciiChar  . . . . . . . . . .	 00000000	 Byte
  dwControlKeyState  . . . . . .	 0000000C	 DWord
SMALL_RECT . . . . . . . . . . .	 00000008
  Left . . . . . . . . . . . . .	 00000000	 Word
  Top  . . . . . . . . . . . . .	 00000002	 Word
  Right  . . . . . . . . . . . .	 00000004	 Word
  Bottom . . . . . . . . . . . .	 00000006	 Word
SYSTEMTIME . . . . . . . . . . .	 00000010
  wYear  . . . . . . . . . . . .	 00000000	 Word
  wMonth . . . . . . . . . . . .	 00000002	 Word
  wDayOfWeek . . . . . . . . . .	 00000004	 Word
  wDay . . . . . . . . . . . . .	 00000006	 Word
  wHour  . . . . . . . . . . . .	 00000008	 Word
  wMinute  . . . . . . . . . . .	 0000000A	 Word
  wSecond  . . . . . . . . . . .	 0000000C	 Word
  wMilliseconds  . . . . . . . .	 0000000E	 Word


Segments and Groups:

                N a m e                 Size     Length   Align   Combine Class

FLAT . . . . . . . . . . . . . .	GROUP
STACK  . . . . . . . . . . . . .	32 Bit	 00001000 DWord	  Stack	  'STACK'	 
_DATA  . . . . . . . . . . . . .	32 Bit	 00000220 DWord	  Public  'DATA'	
_TEXT  . . . . . . . . . . . . .	32 Bit	 000001B2 DWord	  Public  'CODE'	


Procedures,  parameters and locals:

                N a m e                 Type     Value    Attr

CloseHandle  . . . . . . . . . .	P Near	 00000000 FLAT	Length= 00000000 External STDCALL
Clrscr . . . . . . . . . . . . .	P Near	 00000000 FLAT	Length= 00000000 External STDCALL
CreateFileA  . . . . . . . . . .	P Near	 00000000 FLAT	Length= 00000000 External STDCALL
Crlf . . . . . . . . . . . . . .	P Near	 00000000 FLAT	Length= 00000000 External STDCALL
Delay  . . . . . . . . . . . . .	P Near	 00000000 FLAT	Length= 00000000 External STDCALL
DumpMem  . . . . . . . . . . . .	P Near	 00000000 FLAT	Length= 00000000 External STDCALL
DumpRegs . . . . . . . . . . . .	P Near	 00000000 FLAT	Length= 00000000 External STDCALL
ExitProcess  . . . . . . . . . .	P Near	 00000000 FLAT	Length= 00000000 External STDCALL
FlushConsoleInputBuffer  . . . .	P Near	 00000000 FLAT	Length= 00000000 External STDCALL
GetCommandLineA  . . . . . . . .	P Near	 00000000 FLAT	Length= 00000000 External STDCALL
GetCommandtail . . . . . . . . .	P Near	 00000000 FLAT	Length= 00000000 External STDCALL
GetConsoleCP . . . . . . . . . .	P Near	 00000000 FLAT	Length= 00000000 External STDCALL
GetConsoleCursorInfo . . . . . .	P Near	 00000000 FLAT	Length= 00000000 External STDCALL
GetConsoleMode . . . . . . . . .	P Near	 00000000 FLAT	Length= 00000000 External STDCALL
GetConsoleScreenBufferInfo . . .	P Near	 00000000 FLAT	Length= 00000000 External STDCALL
GetDateTime  . . . . . . . . . .	P Near	 00000000 FLAT	Length= 00000000 External STDCALL
GetKeyState  . . . . . . . . . .	P Near	 00000000 FLAT	Length= 00000000 External STDCALL
GetLastError . . . . . . . . . .	P Near	 00000000 FLAT	Length= 00000000 External STDCALL
GetLocalTime . . . . . . . . . .	P Near	 00000000 FLAT	Length= 00000000 External STDCALL
GetMaxXY . . . . . . . . . . . .	P Near	 00000000 FLAT	Length= 00000000 External STDCALL
GetMseconds  . . . . . . . . . .	P Near	 00000000 FLAT	Length= 00000000 External STDCALL
GetNumberOfConsoleInputEvents  .	P Near	 00000000 FLAT	Length= 00000000 External STDCALL
GetProcessHeap . . . . . . . . .	P Near	 00000000 FLAT	Length= 00000000 External STDCALL
GetStdHandle . . . . . . . . . .	P Near	 00000000 FLAT	Length= 00000000 External STDCALL
GetSystemTime  . . . . . . . . .	P Near	 00000000 FLAT	Length= 00000000 External STDCALL
GetTickCount . . . . . . . . . .	P Near	 00000000 FLAT	Length= 00000000 External STDCALL
Gotoxy . . . . . . . . . . . . .	P Near	 00000000 FLAT	Length= 00000000 External STDCALL
HeapAlloc  . . . . . . . . . . .	P Near	 00000000 FLAT	Length= 00000000 External STDCALL
HeapCreate . . . . . . . . . . .	P Near	 00000000 FLAT	Length= 00000000 External STDCALL
HeapDestroy  . . . . . . . . . .	P Near	 00000000 FLAT	Length= 00000000 External STDCALL
HeapFree . . . . . . . . . . . .	P Near	 00000000 FLAT	Length= 00000000 External STDCALL
HeapSize . . . . . . . . . . . .	P Near	 00000000 FLAT	Length= 00000000 External STDCALL
IsDigit  . . . . . . . . . . . .	P Near	 00000000 FLAT	Length= 00000000 External STDCALL
PeekConsoleInputA  . . . . . . .	P Near	 00000000 FLAT	Length= 00000000 External STDCALL
Random32 . . . . . . . . . . . .	P Near	 00000000 FLAT	Length= 00000000 External STDCALL
RandomRange  . . . . . . . . . .	P Near	 00000000 FLAT	Length= 00000000 External STDCALL
Randomize  . . . . . . . . . . .	P Near	 00000000 FLAT	Length= 00000000 External STDCALL
ReadChar . . . . . . . . . . . .	P Near	 00000000 FLAT	Length= 00000000 External STDCALL
ReadConsoleA . . . . . . . . . .	P Near	 00000000 FLAT	Length= 00000000 External STDCALL
ReadConsoleInputA  . . . . . . .	P Near	 00000000 FLAT	Length= 00000000 External STDCALL
ReadDec  . . . . . . . . . . . .	P Near	 00000000 FLAT	Length= 00000000 External STDCALL
ReadFile . . . . . . . . . . . .	P Near	 00000000 FLAT	Length= 00000000 External STDCALL
ReadHex  . . . . . . . . . . . .	P Near	 00000000 FLAT	Length= 00000000 External STDCALL
ReadInt  . . . . . . . . . . . .	P Near	 00000000 FLAT	Length= 00000000 External STDCALL
ReadKeyFlush . . . . . . . . . .	P Near	 00000000 FLAT	Length= 00000000 External STDCALL
ReadKey  . . . . . . . . . . . .	P Near	 00000000 FLAT	Length= 00000000 External STDCALL
ReadString . . . . . . . . . . .	P Near	 00000000 FLAT	Length= 00000000 External STDCALL
SetConsoleCursorInfo . . . . . .	P Near	 00000000 FLAT	Length= 00000000 External STDCALL
SetConsoleCursorPosition . . . .	P Near	 00000000 FLAT	Length= 00000000 External STDCALL
SetConsoleMode . . . . . . . . .	P Near	 00000000 FLAT	Length= 00000000 External STDCALL
SetConsoleScreenBufferSize . . .	P Near	 00000000 FLAT	Length= 00000000 External STDCALL
SetConsoleTextAttribute  . . . .	P Near	 00000000 FLAT	Length= 00000000 External STDCALL
SetConsoleTitleA . . . . . . . .	P Near	 00000000 FLAT	Length= 00000000 External STDCALL
SetConsoleWindowInfo . . . . . .	P Near	 00000000 FLAT	Length= 00000000 External STDCALL
SetFilePointer . . . . . . . . .	P Near	 00000000 FLAT	Length= 00000000 External STDCALL
SetLocalTime . . . . . . . . . .	P Near	 00000000 FLAT	Length= 00000000 External STDCALL
SetTextColor . . . . . . . . . .	P Near	 00000000 FLAT	Length= 00000000 External STDCALL
Sleep  . . . . . . . . . . . . .	P Near	 00000000 FLAT	Length= 00000000 External STDCALL
Str_compare  . . . . . . . . . .	P Near	 00000000 FLAT	Length= 00000000 External STDCALL
Str_copy . . . . . . . . . . . .	P Near	 00000000 FLAT	Length= 00000000 External STDCALL
Str_length . . . . . . . . . . .	P Near	 00000000 FLAT	Length= 00000000 External STDCALL
Str_trim . . . . . . . . . . . .	P Near	 00000000 FLAT	Length= 00000000 External STDCALL
Str_ucase  . . . . . . . . . . .	P Near	 00000000 FLAT	Length= 00000000 External STDCALL
SystemTimeToFileTime . . . . . .	P Near	 00000000 FLAT	Length= 00000000 External STDCALL
WaitMsg  . . . . . . . . . . . .	P Near	 00000000 FLAT	Length= 00000000 External STDCALL
WriteBinB  . . . . . . . . . . .	P Near	 00000000 FLAT	Length= 00000000 External STDCALL
WriteBin . . . . . . . . . . . .	P Near	 00000000 FLAT	Length= 00000000 External STDCALL
WriteChar  . . . . . . . . . . .	P Near	 00000000 FLAT	Length= 00000000 External STDCALL
WriteConsoleA  . . . . . . . . .	P Near	 00000000 FLAT	Length= 00000000 External STDCALL
WriteConsoleOutputAttribute  . .	P Near	 00000000 FLAT	Length= 00000000 External STDCALL
WriteConsoleOutputCharacterA . .	P Near	 00000000 FLAT	Length= 00000000 External STDCALL
WriteDec . . . . . . . . . . . .	P Near	 00000000 FLAT	Length= 00000000 External STDCALL
WriteFile  . . . . . . . . . . .	P Near	 00000000 FLAT	Length= 00000000 External STDCALL
WriteHexB  . . . . . . . . . . .	P Near	 00000000 FLAT	Length= 00000000 External STDCALL
WriteHex . . . . . . . . . . . .	P Near	 00000000 FLAT	Length= 00000000 External STDCALL
WriteInt . . . . . . . . . . . .	P Near	 00000000 FLAT	Length= 00000000 External STDCALL
WriteString  . . . . . . . . . .	P Near	 00000000 FLAT	Length= 00000000 External STDCALL
main . . . . . . . . . . . . . .	P Near	 00000000 _TEXT	Length= 000001B2 Public STDCALL
  PideN  . . . . . . . . . . . .	L Near	 00000000 _TEXT	
  Nmal . . . . . . . . . . . . .	L Near	 0000004D _TEXT	
  L1 . . . . . . . . . . . . . .	L Near	 0000005E _TEXT	
  L2 . . . . . . . . . . . . . .	L Near	 00000062 _TEXT	
  guarda . . . . . . . . . . . .	L Near	 00000085 _TEXT	
  cambiaESI  . . . . . . . . . .	L Near	 0000008C _TEXT	
  inWhile  . . . . . . . . . . .	L Near	 00000096 _TEXT	
  noCero . . . . . . . . . . . .	L Near	 000000E4 _TEXT	
  checaS . . . . . . . . . . . .	L Near	 00000111 _TEXT	
  checaB . . . . . . . . . . . .	L Near	 00000141 _TEXT	
  checaA . . . . . . . . . . . .	L Near	 00000171 _TEXT	
  adios  . . . . . . . . . . . .	L Near	 0000019C _TEXT	
wsprintfA  . . . . . . . . . . .	P Near	 00000000 FLAT	Length= 00000000 External C


Symbols:

                N a m e                 Type     Value    Attr

@CodeSize  . . . . . . . . . . .	Number	 00000000h   
@DataSize  . . . . . . . . . . .	Number	 00000000h   
@Interface . . . . . . . . . . .	Number	 00000003h   
@Model . . . . . . . . . . . . .	Number	 00000007h   
@code  . . . . . . . . . . . . .	Text   	 _TEXT
@data  . . . . . . . . . . . . .	Text   	 FLAT
@fardata?  . . . . . . . . . . .	Text   	 FLAT
@fardata . . . . . . . . . . . .	Text   	 FLAT
@stack . . . . . . . . . . . . .	Text   	 FLAT
ALT_MASK . . . . . . . . . . . .	Number	 00000003h   
CREATE_ALWAYS  . . . . . . . . .	Number	 00000002h   
CREATE_NEW . . . . . . . . . . .	Number	 00000001h   
CTRL_MASK  . . . . . . . . . . .	Number	 0000000Ch   
CreateFile . . . . . . . . . . .	Text   	 CreateFileA
DO_NOT_SHARE . . . . . . . . . .	Number	 00000000h   
ENABLE_ECHO_INPUT  . . . . . . .	Number	 00000004h   
ENABLE_LINE_INPUT  . . . . . . .	Number	 00000002h   
ENABLE_MOUSE_INPUT . . . . . . .	Number	 00000010h   
ENABLE_PROCESSED_INPUT . . . . .	Number	 00000001h   
ENABLE_PROCESSED_OUTPUT  . . . .	Number	 00000001h   
ENABLE_WINDOW_INPUT  . . . . . .	Number	 00000008h   
ENABLE_WRAP_AT_EOL_OUTPUT  . . .	Number	 00000002h   
FALSE  . . . . . . . . . . . . .	Number	 00000000h   
FILE_APPEND_DATA . . . . . . . .	Number	 00000004h   
FILE_ATTRIBUTE_ARCHIVE . . . . .	Number	 00000020h   
FILE_ATTRIBUTE_COMPRESSED  . . .	Number	 00000800h   
FILE_ATTRIBUTE_DEVICE  . . . . .	Number	 00000040h   
FILE_ATTRIBUTE_DIRECTORY . . . .	Number	 00000010h   
FILE_ATTRIBUTE_ENCRYPTED . . . .	Number	 00004000h   
FILE_ATTRIBUTE_HIDDEN  . . . . .	Number	 00000002h   
FILE_ATTRIBUTE_NORMAL  . . . . .	Number	 00000080h   
FILE_ATTRIBUTE_NOT_CONTENT_INDEXED .	Number	 00002000h   
FILE_ATTRIBUTE_OFFLINE . . . . .	Number	 00001000h   
FILE_ATTRIBUTE_READONLY  . . . .	Number	 00000001h   
FILE_ATTRIBUTE_REPARSE_POINT . .	Number	 00000400h   
FILE_ATTRIBUTE_SPARSE_FILE . . .	Number	 00000200h   
FILE_ATTRIBUTE_SYSTEM  . . . . .	Number	 00000004h   
FILE_ATTRIBUTE_TEMPORARY . . . .	Number	 00000100h   
FILE_BEGIN . . . . . . . . . . .	Number	 00000000h   
FILE_CURRENT . . . . . . . . . .	Number	 00000001h   
FILE_DELETE_CHILD  . . . . . . .	Number	 00000040h   
FILE_END . . . . . . . . . . . .	Number	 00000002h   
FILE_READ_DATA . . . . . . . . .	Number	 00000001h   
FILE_SHARE_DELETE  . . . . . . .	Number	 00000004h   
FILE_SHARE_READ  . . . . . . . .	Number	 00000001h   
FILE_SHARE_WRITE . . . . . . . .	Number	 00000002h   
FILE_WRITE_DATA  . . . . . . . .	Number	 00000002h   
FOCUS_EVENT  . . . . . . . . . .	Number	 00000010h   
GENERIC_ALL  . . . . . . . . . .	Number	 10000000h   
GENERIC_EXECUTE  . . . . . . . .	Number	 20000000h   
GENERIC_READ . . . . . . . . . .	Number	 -80000000h   
GENERIC_WRITE  . . . . . . . . .	Number	 40000000h   
GetCommandLine . . . . . . . . .	Text   	 GetCommandLineA
HEAP_GENERATE_EXCEPTIONS . . . .	Number	 00000004h   
HEAP_GROWABLE  . . . . . . . . .	Number	 00000002h   
HEAP_NO_SERIALIZE  . . . . . . .	Number	 00000001h   
HEAP_REALLOC_IN_PLACE_ONLY . . .	Number	 00000010h   
HEAP_ZERO_MEMORY . . . . . . . .	Number	 00000008h   
INVALID_HANDLE_VALUE . . . . . .	Number	 -00000001h   
KBDOWN_FLAG  . . . . . . . . . .	Number	 00000001h   
KEY_EVENT  . . . . . . . . . . .	Number	 00000001h   
KEY_MASKS  . . . . . . . . . . .	Number	 0000001Fh   
LIGHT_BLUE . . . . . . . . . . .	Number	 00000009h   
LIGHT_CYAN . . . . . . . . . . .	Number	 0000000Bh   
LIGHT_GRAY . . . . . . . . . . .	Number	 00000007h   
LIGHT_GREEN  . . . . . . . . . .	Number	 0000000Ah   
LIGHT_MAGENTA  . . . . . . . . .	Number	 0000000Dh   
LIGHT_RED  . . . . . . . . . . .	Number	 0000000Ch   
MENU_EVENT . . . . . . . . . . .	Number	 00000008h   
MOUSE_EVENT  . . . . . . . . . .	Number	 00000002h   
NULL . . . . . . . . . . . . . .	Number	 00000000h   
OPEN_ALWAYS  . . . . . . . . . .	Number	 00000004h   
OPEN_EXISTING  . . . . . . . . .	Number	 00000003h   
PeekConsoleInput . . . . . . . .	Text   	 PeekConsoleInputA
ReadConsoleInput . . . . . . . .	Text   	 ReadConsoleInputA
ReadConsole  . . . . . . . . . .	Text   	 ReadConsoleA
SHIFT_MASK . . . . . . . . . . .	Number	 00000010h   
STD_ERROR_HANDLE . . . . . . . .	Number	 -0000000Ch   
STD_INPUT_HANDLE . . . . . . . .	Number	 -0000000Ah   
STD_OUTPUT_HANDLE  . . . . . . .	Number	 -0000000Bh   
SetConsoleTitle  . . . . . . . .	Text   	 SetConsoleTitleA
TRUE . . . . . . . . . . . . . .	Number	 00000001h   
TRUNCATE_EXISTING  . . . . . . .	Number	 00000005h   
VK_11  . . . . . . . . . . . . .	Number	 000000BDh   
VK_12  . . . . . . . . . . . . .	Number	 000000BBh   
VK_ADD . . . . . . . . . . . . .	Number	 0000006Bh   
VK_BACK  . . . . . . . . . . . .	Number	 00000008h   
VK_CANCEL  . . . . . . . . . . .	Number	 00000003h   
VK_CAPITAL . . . . . . . . . . .	Number	 00000014h   
VK_CLEAR . . . . . . . . . . . .	Number	 0000000Ch   
VK_CONTROL . . . . . . . . . . .	Number	 00000011h   
VK_DECIMAL . . . . . . . . . . .	Number	 0000006Eh   
VK_DELETE  . . . . . . . . . . .	Number	 0000002Eh   
VK_DIVIDE  . . . . . . . . . . .	Number	 0000006Fh   
VK_DOWN  . . . . . . . . . . . .	Number	 00000028h   
VK_END . . . . . . . . . . . . .	Number	 00000023h   
VK_ESCAPE  . . . . . . . . . . .	Number	 0000001Bh   
VK_EXECUTE . . . . . . . . . . .	Number	 0000002Bh   
VK_F10 . . . . . . . . . . . . .	Number	 00000079h   
VK_F11 . . . . . . . . . . . . .	Number	 0000007Ah   
VK_F12 . . . . . . . . . . . . .	Number	 0000007Bh   
VK_F13 . . . . . . . . . . . . .	Number	 0000007Ch   
VK_F14 . . . . . . . . . . . . .	Number	 0000007Dh   
VK_F15 . . . . . . . . . . . . .	Number	 0000007Eh   
VK_F16 . . . . . . . . . . . . .	Number	 0000007Fh   
VK_F17 . . . . . . . . . . . . .	Number	 00000080h   
VK_F18 . . . . . . . . . . . . .	Number	 00000081h   
VK_F19 . . . . . . . . . . . . .	Number	 00000082h   
VK_F1  . . . . . . . . . . . . .	Number	 00000070h   
VK_F20 . . . . . . . . . . . . .	Number	 00000083h   
VK_F21 . . . . . . . . . . . . .	Number	 00000084h   
VK_F22 . . . . . . . . . . . . .	Number	 00000085h   
VK_F23 . . . . . . . . . . . . .	Number	 00000086h   
VK_F24 . . . . . . . . . . . . .	Number	 00000087h   
VK_F2  . . . . . . . . . . . . .	Number	 00000071h   
VK_F3  . . . . . . . . . . . . .	Number	 00000072h   
VK_F4  . . . . . . . . . . . . .	Number	 00000073h   
VK_F5  . . . . . . . . . . . . .	Number	 00000074h   
VK_F6  . . . . . . . . . . . . .	Number	 00000075h   
VK_F7  . . . . . . . . . . . . .	Number	 00000076h   
VK_F8  . . . . . . . . . . . . .	Number	 00000077h   
VK_F9  . . . . . . . . . . . . .	Number	 00000078h   
VK_HELP  . . . . . . . . . . . .	Number	 0000002Fh   
VK_HOME  . . . . . . . . . . . .	Number	 00000024h   
VK_INSERT  . . . . . . . . . . .	Number	 0000002Dh   
VK_LBUTTON . . . . . . . . . . .	Number	 00000001h   
VK_LEFT  . . . . . . . . . . . .	Number	 00000025h   
VK_MENU  . . . . . . . . . . . .	Number	 00000012h   
VK_MULTIPLY  . . . . . . . . . .	Number	 0000006Ah   
VK_NEXT  . . . . . . . . . . . .	Number	 00000022h   
VK_NUMLOCK . . . . . . . . . . .	Number	 00000090h   
VK_NUMPAD0 . . . . . . . . . . .	Number	 00000060h   
VK_NUMPAD1 . . . . . . . . . . .	Number	 00000061h   
VK_NUMPAD2 . . . . . . . . . . .	Number	 00000062h   
VK_NUMPAD3 . . . . . . . . . . .	Number	 00000063h   
VK_NUMPAD4 . . . . . . . . . . .	Number	 00000064h   
VK_NUMPAD5 . . . . . . . . . . .	Number	 00000065h   
VK_NUMPAD6 . . . . . . . . . . .	Number	 00000066h   
VK_NUMPAD7 . . . . . . . . . . .	Number	 00000067h   
VK_NUMPAD8 . . . . . . . . . . .	Number	 00000068h   
VK_NUMPAD9 . . . . . . . . . . .	Number	 00000069h   
VK_PAUSE . . . . . . . . . . . .	Number	 00000013h   
VK_PRINT . . . . . . . . . . . .	Number	 0000002Ah   
VK_PRIOR . . . . . . . . . . . .	Number	 00000021h   
VK_RBUTTON . . . . . . . . . . .	Number	 00000002h   
VK_RETURN  . . . . . . . . . . .	Number	 0000000Dh   
VK_RIGHT . . . . . . . . . . . .	Number	 00000027h   
VK_SCROLL  . . . . . . . . . . .	Number	 00000091h   
VK_SEPARATER . . . . . . . . . .	Number	 0000006Ch   
VK_SHIFT . . . . . . . . . . . .	Number	 00000010h   
VK_SNAPSHOT  . . . . . . . . . .	Number	 0000002Ch   
VK_SPACE . . . . . . . . . . . .	Number	 00000020h   
VK_SUBTRACT  . . . . . . . . . .	Number	 0000006Dh   
VK_TAB . . . . . . . . . . . . .	Number	 00000009h   
VK_UP  . . . . . . . . . . . . .	Number	 00000026h   
WINDOW_BUFFER_SIZE_EVENT . . . .	Number	 00000004h   
WriteConsoleOutputCharacter  . .	Text   	 WriteConsoleOutputCharacterA
WriteConsole . . . . . . . . . .	Text   	 WriteConsoleA
aLength  . . . . . . . . . . . .	DWord	 00000214 _DATA	
arrayC . . . . . . . . . . . . .	DWord	 00000080 _DATA	
black  . . . . . . . . . . . . .	Number	 00000000h   
blue . . . . . . . . . . . . . .	Number	 00000001h   
brown  . . . . . . . . . . . . .	Number	 00000006h   
ceros  . . . . . . . . . . . . .	DWord	 00000218 _DATA	
cyan . . . . . . . . . . . . . .	Number	 00000003h   
exit . . . . . . . . . . . . . .	Text   	 INVOKE ExitProcess,0
gray . . . . . . . . . . . . . .	Number	 00000008h   
green  . . . . . . . . . . . . .	Number	 00000002h   
lightBlue  . . . . . . . . . . .	Number	 00000009h   
lightCyan  . . . . . . . . . . .	Number	 0000000Bh   
lightGray  . . . . . . . . . . .	Number	 00000007h   
lightGreen . . . . . . . . . . .	Number	 0000000Ah   
lightMagenta . . . . . . . . . .	Number	 0000000Dh   
lightRed . . . . . . . . . . . .	Number	 0000000Ch   
line2  . . . . . . . . . . . . .	Byte	 00000013 _DATA	
line3  . . . . . . . . . . . . .	Byte	 0000002C _DATA	
line4  . . . . . . . . . . . . .	Byte	 0000003E _DATA	
line5  . . . . . . . . . . . . .	Byte	 0000004F _DATA	
line . . . . . . . . . . . . . .	Byte	 00000000 _DATA	
magenta  . . . . . . . . . . . .	Number	 00000005h   
mnsj . . . . . . . . . . . . . .	Byte	 00000055 _DATA	
num  . . . . . . . . . . . . . .	DWord	 0000021C _DATA	
n  . . . . . . . . . . . . . . .	DWord	 00000210 _DATA	
red  . . . . . . . . . . . . . .	Number	 00000004h   
white  . . . . . . . . . . . . .	Number	 0000000Fh   
wsprintf . . . . . . . . . . . .	Text   	 wsprintfA
yellow . . . . . . . . . . . . .	Number	 0000000Eh   

	   0 Warnings
	   0 Errors
